<?xml version="1.0" encoding="UTF-8"?>
<!-- Generated by org.testng.reporters.JUnitReportReporter -->
<testsuite hostname="DESKTOP-EHGUGUF" failures="0" tests="2" name="testscript.ManageNewsTest" time="9.820" errors="0" timestamp="2025-07-23T21:11:14 PDT" skipped="0">
  <testcase classname="testscript.ManageNewsTest" name="verifyNewsDeletion" time="4.154"/>
  <testcase classname="testscript.ManageNewsTest" name="verifySuccessfulNewsCreation" time="5.666"/>
</testsuite> <!-- testscript.ManageNewsTest -->
