<?xml version="1.0" encoding="UTF-8"?>
<!-- Generated by org.testng.reporters.JUnitReportReporter -->
<testsuite hostname="DESKTOP-EHGUGUF" failures="0" tests="1" name="testscript.ManageCategoryTest" time="4.394" errors="0" timestamp="2025-07-23T21:11:14 PDT" skipped="0">
  <testcase classname="testscript.ManageCategoryTest" name="verifyCategorySearching" time="4.394"/>
</testsuite> <!-- testscript.ManageCategoryTest -->
