<?xml version="1.0" encoding="UTF-8"?>
<!-- Generated by org.testng.reporters.JUnitReportReporter -->
<testsuite hostname="DESKTOP-EHGUGUF" failures="0" tests="1" name="testscript.ManageContactTest" time="7.235" errors="0" timestamp="2025-07-23T21:11:14 PDT" skipped="0">
  <testcase classname="testscript.ManageContactTest" name="verifySuccessfulContactUpdating" time="7.235"/>
</testsuite> <!-- testscript.ManageContactTest -->
