<?xml version="1.0" encoding="UTF-8"?>
<!-- Generated by org.testng.reporters.JUnitReportReporter -->
<testsuite hostname="DESKTOP-EHGUGUF" failures="0" tests="1" name="testscript.LogOutTest" time="7.159" errors="0" timestamp="2025-07-23T21:11:14 PDT" skipped="0">
  <testcase classname="testscript.LogOutTest" name="verifyLogOut" time="7.159"/>
</testsuite> <!-- testscript.LogOutTest -->
