<?xml version="1.0" encoding="UTF-8"?>
<!-- Generated by org.testng.reporters.JUnitReportReporter -->
<testsuite hostname="DESKTOP-EHGUGUF" failures="0" tests="1" name="testscript.ManageContactTest" time="10.468" errors="0" timestamp="2025-07-29T09:40:44 PDT" skipped="0">
  <testcase classname="testscript.ManageContactTest" name="verifySuccessfulContactUpdating" time="10.468"/>
</testsuite> <!-- testscript.ManageContactTest -->
