<?xml version="1.0" encoding="UTF-8"?>
<!-- Generated by org.testng.reporters.JUnitReportReporter -->
<testsuite hostname="DESKTOP-EHGUGUF" failures="0" tests="1" name="testscript.LogOutTest" time="6.365" errors="0" timestamp="2025-07-29T09:37:08 PDT" skipped="0">
  <testcase classname="testscript.LogOutTest" name="verifyLogOut" time="6.365"/>
</testsuite> <!-- testscript.LogOutTest -->
