<?xml version="1.0" encoding="UTF-8"?>
<!-- Generated by org.testng.reporters.JUnitReportReporter -->
<testsuite hostname="DESKTOP-EHGUGUF" failures="0" tests="1" name="testscript.ManageCategoryTest" time="16.098" errors="0" timestamp="2025-07-29T09:38:39 PDT" skipped="0">
  <testcase classname="testscript.ManageCategoryTest" name="verifyCategorySearching" time="16.098"/>
</testsuite> <!-- testscript.ManageCategoryTest -->
