<?xml version="1.0" encoding="UTF-8"?>
<!-- Generated by org.testng.reporters.JUnitReportReporter -->
<testsuite hostname="DESKTOP-EHGUGUF" failures="0" tests="1" name="testscript.AdminUsersTest" time="7.904" errors="0" timestamp="2025-07-29T21:40:12 PDT" skipped="0">
  <testcase classname="testscript.AdminUsersTest" name="verifyStatusChanging" time="7.904"/>
</testsuite> <!-- testscript.AdminUsersTest -->
