<?xml version="1.0" encoding="UTF-8"?>
<!-- Generated by org.testng.reporters.JUnitReportReporter -->
<testsuite hostname="DESKTOP-EHGUGUF" failures="0" tests="1" name="testscript.LogOutTest" time="8.403" errors="0" timestamp="2025-07-23T10:04:04 PDT" skipped="0">
  <testcase classname="testscript.LogOutTest" name="verifyLogOut" time="8.403"/>
</testsuite> <!-- testscript.LogOutTest -->
