<?xml version="1.0" encoding="UTF-8"?>
<!-- Generated by org.testng.reporters.JUnitReportReporter -->
<testsuite hostname="DESKTOP-EHGUGUF" failures="0" tests="8" name="testscript.ManageNewsTest" time="69.055" errors="0" timestamp="2025-07-27T03:54:12 PDT" skipped="0">
  <testcase classname="testscript.ManageNewsTest" name="verifyNewsUpdating" time="13.076"/>
  <testcase classname="testscript.ManageNewsTest" name="verifysampleNEWSsearching" time="8.562"/>
  <testcase classname="testscript.ManageNewsTest" name="verifyNewsUpdating" time="4.714"/>
  <testcase classname="testscript.ManageNewsTest" name="verifySuccessfulNewsCreation" time="5.819"/>
  <testcase classname="testscript.ManageNewsTest" name="verifysampleNEWSsearching" time="9.597"/>
  <testcase classname="testscript.ManageNewsTest" name="verifyNewsDeletion" time="11.078"/>
  <testcase classname="testscript.ManageNewsTest" name="verifyNewsDeletion" time="6.152"/>
  <testcase classname="testscript.ManageNewsTest" name="verifySuccessfulNewsCreation" time="10.057"/>
</testsuite> <!-- testscript.ManageNewsTest -->
