<?xml version="1.0" encoding="UTF-8"?>
<!-- Generated by org.testng.reporters.JUnitReportReporter -->
<testsuite hostname="DESKTOP-EHGUGUF" failures="0" tests="1" name="testscript.ManageCategoryTest" time="7.461" errors="0" timestamp="2025-07-21T09:08:55 PDT" skipped="0">
  <testcase classname="testscript.ManageCategoryTest" name="verifyCategorySearching" time="7.461"/>
</testsuite> <!-- testscript.ManageCategoryTest -->
