<?xml version="1.0" encoding="UTF-8"?>
<!-- Generated by org.testng.reporters.JUnitReportReporter -->
<testsuite hostname="DESKTOP-EHGUGUF" failures="0" tests="4" name="testscript.ManageNewsTest" time="21.010" errors="0" timestamp="2025-07-29T09:55:30 PDT" skipped="0">
  <testcase classname="testscript.ManageNewsTest" name="verifyNewsDeletion" time="4.565"/>
  <testcase classname="testscript.ManageNewsTest" name="verifyNewsUpdating" time="5.984"/>
  <testcase classname="testscript.ManageNewsTest" name="verifySuccessfulNewsCreation" time="5.945"/>
  <testcase classname="testscript.ManageNewsTest" name="verifysampleNEWSsearching" time="4.516"/>
</testsuite> <!-- testscript.ManageNewsTest -->
